[2025-04-11T08:26:47.327+0000] {taskinstance.py:1157} INFO - Dependencies all met for dep_context=non-requeueable deps ti=<TaskInstance: generate_and_verify_data.check_minio_task scheduled__2023-01-12T03:00:00+00:00 [queued]>
[2025-04-11T08:26:47.477+0000] {taskinstance.py:1157} INFO - Dependencies all met for dep_context=requeueable deps ti=<TaskInstance: generate_and_verify_data.check_minio_task scheduled__2023-01-12T03:00:00+00:00 [queued]>
[2025-04-11T08:26:47.491+0000] {taskinstance.py:1359} INFO - Starting attempt 1 of 2
[2025-04-11T08:26:47.676+0000] {taskinstance.py:1380} INFO - Executing <Task(BashOperator): check_minio_task> on 2023-01-12 03:00:00+00:00
[2025-04-11T08:26:47.699+0000] {standard_task_runner.py:57} INFO - Started process 8324 to run task
[2025-04-11T08:26:47.727+0000] {standard_task_runner.py:84} INFO - Running: ['***', 'tasks', 'run', 'generate_and_verify_data', 'check_minio_task', 'scheduled__2023-01-12T03:00:00+00:00', '--job-id', '1791', '--raw', '--subdir', 'DAGS_FOLDER/dags_1.py', '--cfg-path', '/tmp/tmpcm471dd_']
[2025-04-11T08:26:47.744+0000] {standard_task_runner.py:85} INFO - Job 1791: Subtask check_minio_task
[2025-04-11T08:26:48.277+0000] {task_command.py:415} INFO - Running <TaskInstance: generate_and_verify_data.check_minio_task scheduled__2023-01-12T03:00:00+00:00 [running]> on host 0821f6066d6a
[2025-04-11T08:26:48.767+0000] {taskinstance.py:1660} INFO - Exporting env vars: AIRFLOW_CTX_DAG_OWNER='***' AIRFLOW_CTX_DAG_ID='generate_and_verify_data' AIRFLOW_CTX_TASK_ID='check_minio_task' AIRFLOW_CTX_EXECUTION_DATE='2023-01-12T03:00:00+00:00' AIRFLOW_CTX_TRY_NUMBER='1' AIRFLOW_CTX_DAG_RUN_ID='scheduled__2023-01-12T03:00:00+00:00'
[2025-04-11T08:26:48.782+0000] {subprocess.py:63} INFO - Tmp dir root location: /tmp
[2025-04-11T08:26:48.784+0000] {subprocess.py:75} INFO - Running command: ['/bin/bash', '-c', '\n            echo "Checking MinIO bucket and file..."\n            docker exec minio mc alias set myminio http://127.0.0.1:9000 minioadmin minioadmin &&             docker exec minio mc ls myminio/ecommerce-data | grep orders.csv || exit 1\n            echo "MinIO check completed successfully."\n        ']
[2025-04-11T08:26:48.850+0000] {subprocess.py:86} INFO - Output:
[2025-04-11T08:26:48.854+0000] {subprocess.py:93} INFO - Checking MinIO bucket and file...
[2025-04-11T08:26:49.661+0000] {subprocess.py:93} INFO - Added `myminio` successfully.
[2025-04-11T08:26:50.888+0000] {subprocess.py:97} INFO - Command exited with return code 1
[2025-04-11T08:26:50.967+0000] {taskinstance.py:1935} ERROR - Task failed with exception
Traceback (most recent call last):
  File "/home/airflow/.local/lib/python3.8/site-packages/airflow/operators/bash.py", line 210, in execute
    raise AirflowException(
airflow.exceptions.AirflowException: Bash command failed. The command returned a non-zero exit code 1.
[2025-04-11T08:26:51.002+0000] {taskinstance.py:1398} INFO - Marking task as UP_FOR_RETRY. dag_id=generate_and_verify_data, task_id=check_minio_task, execution_date=20230112T030000, start_date=20250411T082647, end_date=20250411T082650
[2025-04-11T08:26:51.930+0000] {standard_task_runner.py:104} ERROR - Failed to execute job 1791 for task check_minio_task (Bash command failed. The command returned a non-zero exit code 1.; 8324)
[2025-04-11T08:26:52.065+0000] {local_task_job_runner.py:228} INFO - Task exited with return code 1
[2025-04-11T08:26:52.302+0000] {taskinstance.py:2776} INFO - 0 downstream tasks scheduled from follow-on schedule check
