[2025-04-11T08:52:35.799+0000] {taskinstance.py:1157} INFO - Dependencies all met for dep_context=non-requeueable deps ti=<TaskInstance: generate_and_verify_data.check_minio manual__2025-04-11T08:47:27.624483+00:00 [queued]>
[2025-04-11T08:52:35.814+0000] {taskinstance.py:1157} INFO - Dependencies all met for dep_context=requeueable deps ti=<TaskInstance: generate_and_verify_data.check_minio manual__2025-04-11T08:47:27.624483+00:00 [queued]>
[2025-04-11T08:52:35.815+0000] {taskinstance.py:1359} INFO - Starting attempt 2 of 2
[2025-04-11T08:52:35.836+0000] {taskinstance.py:1380} INFO - Executing <Task(PythonOperator): check_minio> on 2025-04-11 08:47:27.624483+00:00
[2025-04-11T08:52:35.845+0000] {standard_task_runner.py:57} INFO - Started process 9574 to run task
[2025-04-11T08:52:35.851+0000] {standard_task_runner.py:84} INFO - Running: ['***', 'tasks', 'run', 'generate_and_verify_data', 'check_minio', 'manual__2025-04-11T08:47:27.624483+00:00', '--job-id', '1829', '--raw', '--subdir', 'DAGS_FOLDER/dags_1.py', '--cfg-path', '/tmp/tmpllfx3spe']
[2025-04-11T08:52:35.855+0000] {standard_task_runner.py:85} INFO - Job 1829: Subtask check_minio
[2025-04-11T08:52:35.935+0000] {task_command.py:415} INFO - Running <TaskInstance: generate_and_verify_data.check_minio manual__2025-04-11T08:47:27.624483+00:00 [running]> on host 0821f6066d6a
[2025-04-11T08:52:36.063+0000] {taskinstance.py:1660} INFO - Exporting env vars: AIRFLOW_CTX_DAG_OWNER='***' AIRFLOW_CTX_DAG_ID='generate_and_verify_data' AIRFLOW_CTX_TASK_ID='check_minio' AIRFLOW_CTX_EXECUTION_DATE='2025-04-11T08:47:27.624483+00:00' AIRFLOW_CTX_TRY_NUMBER='2' AIRFLOW_CTX_DAG_RUN_ID='manual__2025-04-11T08:47:27.624483+00:00'
[2025-04-11T08:52:36.244+0000] {logging_mixin.py:151} INFO - MinIO Bucket Contents:
[2025-04-10 22:04:16 UTC]  14KiB STANDARD orders_20250410205158.csv
[2025-04-10 20:23:08 UTC]  14KiB STANDARD orders_20250410211133.csv
[2025-04-10 22:04:17 UTC]  14KiB STANDARD orders_20250410220325.csv
[2025-04-10 22:04:17 UTC]  14KiB STANDARD orders_20250410220407.csv
[2025-04-10 22:04:16 UTC]  14KiB STANDARD orders_20250410220408.csv
[2025-04-10 22:04:17 UTC]  14KiB STANDARD orders_20250410220409.csv
[2025-04-10 22:04:17 UTC]  14KiB STANDARD orders_20250410220410.csv
[2025-04-10 22:04:41 UTC]  14KiB STANDARD orders_20250410220438.csv
[2025-04-10 22:04:41 UTC]  14KiB STANDARD orders_20250410220439.csv
[2025-04-10 22:04:42 UTC]  14KiB STANDARD orders_20250410220440.csv
[2025-04-10 22:04:43 UTC]  14KiB STANDARD orders_20250410220441.csv
[2025-04-10 22:09:55 UTC]  14KiB STANDARD orders_20250410220955.csv
[2025-04-10 22:10:47 UTC]  14KiB STANDARD orders_20250410221045.csv
[2025-04-10 22:10:47 UTC]  14KiB STANDARD orders_20250410221046.csv
[2025-04-10 22:11:05 UTC]  14KiB STANDARD orders_20250410221103.csv
[2025-04-10 22:11:19 UTC]  14KiB STANDARD orders_20250410221118.csv
[2025-04-10 22:11:20 UTC]  14KiB STANDARD orders_20250410221119.csv
[2025-04-10 22:11:21 UTC]  14KiB STANDARD orders_20250410221120.csv
[2025-04-10 22:11:41 UTC]  14KiB STANDARD orders_20250410221140.csv
[2025-04-10 22:11:41 UTC]  14KiB STANDARD orders_20250410221141.csv
[2025-04-10 22:16:22 UTC]  14KiB STANDARD orders_20250410221622.csv
[2025-04-10 22:17:17 UTC]  14KiB STANDARD orders_20250410221716.csv
[2025-04-10 22:17:18 UTC]  14KiB STANDARD orders_20250410221717.csv
[2025-04-10 22:17:27 UTC]  14KiB STANDARD orders_20250410221725.csv
[2025-04-10 22:17:28 UTC]  14KiB STANDARD orders_20250410221726.csv
[2025-04-10 22:18:00 UTC]  14KiB STANDARD orders_20250410221759.csv
[2025-04-10 22:18:01 UTC]  14KiB STANDARD orders_20250410221800.csv
[2025-04-10 22:18:02 UTC]  14KiB STANDARD orders_20250410221801.csv
[2025-04-10 22:22:53 UTC]  14KiB STANDARD orders_20250410222251.csv
[2025-04-10 22:23:26 UTC]  14KiB STANDARD orders_20250410222325.csv
[2025-04-10 22:23:37 UTC]  14KiB STANDARD orders_20250410222335.csv
[2025-04-10 22:23:37 UTC]  14KiB STANDARD orders_20250410222336.csv
[2025-04-10 22:23:38 UTC]  14KiB STANDARD orders_20250410222337.csv
[2025-04-10 22:23:39 UTC]  14KiB STANDARD orders_20250410222338.csv
[2025-04-10 22:23:39 UTC]  14KiB STANDARD orders_20250410222339.csv
[2025-04-10 22:23:56 UTC]  14KiB STANDARD orders_20250410222354.csv
[2025-04-10 22:23:56 UTC]  14KiB STANDARD orders_20250410222355.csv
[2025-04-10 22:24:06 UTC]  14KiB STANDARD orders_20250410222406.csv
[2025-04-10 22:24:07 UTC]  14KiB STANDARD orders_20250410222407.csv
[2025-04-10 22:24:29 UTC]  14KiB STANDARD orders_20250410222427.csv
[2025-04-10 22:29:25 UTC]  14KiB STANDARD orders_20250410222924.csv
[2025-04-10 22:29:44 UTC]  14KiB STANDARD orders_20250410222943.csv
[2025-04-10 22:30:09 UTC]  14KiB STANDARD orders_20250410223008.csv
[2025-04-10 22:30:19 UTC]  14KiB STANDARD orders_20250410223017.csv
[2025-04-10 22:30:20 UTC]  14KiB STANDARD orders_20250410223018.csv
[2025-04-10 22:30:21 UTC]  14KiB STANDARD orders_20250410223019.csv
[2025-04-10 22:30:22 UTC]  14KiB STANDARD orders_20250410223020.csv
[2025-04-10 22:30:22 UTC]  14KiB STANDARD orders_20250410223021.csv
[2025-04-10 22:30:23 UTC]  14KiB STANDARD orders_20250410223022.csv
[2025-04-10 22:30:46 UTC]  14KiB STANDARD orders_20250410223045.csv
[2025-04-10 22:35:56 UTC]  14KiB STANDARD orders_20250410223555.csv
[2025-04-10 22:35:56 UTC]  14KiB STANDARD orders_20250410223556.csv
[2025-04-10 22:36:29 UTC]  14KiB STANDARD orders_20250410223628.csv
[2025-04-10 22:36:31 UTC]  14KiB STANDARD orders_20250410223629.csv
[2025-04-10 22:36:33 UTC]  14KiB STANDARD orders_20250410223630.csv
[2025-04-10 22:36:33 UTC]  14KiB STANDARD orders_20250410223631.csv
[2025-04-10 22:36:43 UTC]  14KiB STANDARD orders_20250410223642.csv
[2025-04-10 22:36:56 UTC]  14KiB STANDARD orders_20250410223656.csv
[2025-04-10 22:37:11 UTC]  14KiB STANDARD orders_20250410223710.csv
[2025-04-10 22:42:07 UTC]  14KiB STANDARD orders_20250410224204.csv
[2025-04-10 22:42:22 UTC]  14KiB STANDARD orders_20250410224222.csv
[2025-04-10 22:42:37 UTC]  14KiB STANDARD orders_20250410224235.csv
[2025-04-10 22:42:37 UTC]  14KiB STANDARD orders_20250410224236.csv
[2025-04-10 22:42:38 UTC]  14KiB STANDARD orders_20250410224237.csv
[2025-04-10 22:42:39 UTC]  14KiB STANDARD orders_20250410224238.csv
[2025-04-10 22:43:01 UTC]  14KiB STANDARD orders_20250410224258.csv
[2025-04-10 22:48:57 UTC]  14KiB STANDARD orders_20250410224856.csv
[2025-04-10 22:48:58 UTC]  14KiB STANDARD orders_20250410224857.csv
[2025-04-10 22:48:59 UTC]  14KiB STANDARD orders_20250410224858.csv
[2025-04-10 22:49:01 UTC]  14KiB STANDARD orders_20250410224859.csv
[2025-04-10 22:49:01 UTC]  14KiB STANDARD orders_20250410224900.csv
[2025-04-10 22:49:03 UTC]  14KiB STANDARD orders_20250410224901.csv
[2025-04-10 22:49:04 UTC]  14KiB STANDARD orders_20250410224902.csv
[2025-04-10 22:49:06 UTC]  14KiB STANDARD orders_20250410224903.csv
[2025-04-10 22:49:07 UTC]  14KiB STANDARD orders_20250410224904.csv
[2025-04-10 22:49:07 UTC]  14KiB STANDARD orders_20250410224905.csv
[2025-04-10 22:54:23 UTC]  14KiB STANDARD orders_20250410225422.csv
[2025-04-10 22:54:23 UTC]  14KiB STANDARD orders_20250410225423.csv
[2025-04-10 22:54:24 UTC]     0B STANDARD orders_20250410225424.csv
[2025-04-10 22:54:27 UTC]  14KiB STANDARD orders_20250410225425.csv
[2025-04-10 22:54:27 UTC]  14KiB STANDARD orders_20250410225426.csv
[2025-04-10 22:54:29 UTC]  14KiB STANDARD orders_20250410225427.csv
[2025-04-10 22:54:30 UTC]  14KiB STANDARD orders_20250410225428.csv
[2025-04-10 22:54:32 UTC]  14KiB STANDARD orders_20250410225429.csv
[2025-04-11 08:04:05 UTC]     0B STANDARD orders_20250411080403.csv
[2025-04-11 08:04:08 UTC]  14KiB STANDARD orders_20250411080406.csv
[2025-04-11 08:04:07 UTC]  14KiB STANDARD orders_20250411080407.csv
[2025-04-11 08:04:11 UTC]  14KiB STANDARD orders_20250411080408.csv
[2025-04-11 08:04:12 UTC]  14KiB STANDARD orders_20250411080409.csv
[2025-04-11 08:04:13 UTC]  14KiB STANDARD orders_20250411080410.csv
[2025-04-11 08:04:15 UTC]  14KiB STANDARD orders_20250411080411.csv
[2025-04-11 08:04:15 UTC]  14KiB STANDARD orders_20250411080412.csv
[2025-04-11 08:04:17 UTC]  14KiB STANDARD orders_20250411080413.csv
[2025-04-11 08:09:42 UTC]  14KiB STANDARD orders_20250411080941.csv
[2025-04-11 08:09:46 UTC]  14KiB STANDARD orders_20250411080945.csv
[2025-04-11 08:09:47 UTC]  14KiB STANDARD orders_20250411080946.csv
[2025-04-11 08:09:50 UTC]  14KiB STANDARD orders_20250411080947.csv
[2025-04-11 08:09:48 UTC]  14KiB STANDARD orders_20250411080948.csv
[2025-04-11 08:09:53 UTC]  14KiB STANDARD orders_20250411080950.csv
[2025-04-11 08:09:56 UTC]  14KiB STANDARD orders_20250411080953.csv
[2025-04-11 08:09:57 UTC]  14KiB STANDARD orders_20250411080956.csv
[2025-04-11 08:09:59 UTC]  14KiB STANDARD orders_20250411080958.csv
[2025-04-11 08:10:02 UTC]  14KiB STANDARD orders_20250411081000.csv
[2025-04-11 08:10:04 UTC]  14KiB STANDARD orders_20250411081002.csv
[2025-04-11 08:10:05 UTC]  14KiB STANDARD orders_20250411081004.csv
[2025-04-11 08:15:20 UTC]  14KiB STANDARD orders_20250411081518.csv
[2025-04-11 08:15:23 UTC]  14KiB STANDARD orders_20250411081521.csv
[2025-04-11 08:15:26 UTC]  14KiB STANDARD orders_20250411081523.csv
[2025-04-11 08:15:26 UTC]  14KiB STANDARD orders_20250411081524.csv
[2025-04-11 08:15:27 UTC]  14KiB STANDARD orders_20250411081525.csv
[2025-04-11 08:15:27 UTC]  14KiB STANDARD orders_20250411081526.csv
[2025-04-11 08:15:29 UTC]  14KiB STANDARD orders_20250411081527.csv
[2025-04-11 08:15:29 UTC]  14KiB STANDARD orders_20250411081528.csv
[2025-04-11 08:15:32 UTC]  14KiB STANDARD orders_20250411081530.csv
[2025-04-11 08:15:33 UTC]  14KiB STANDARD orders_20250411081532.csv
[2025-04-11 08:15:36 UTC]  14KiB STANDARD orders_20250411081534.csv
[2025-04-11 08:47:33 UTC]  14KiB STANDARD orders_20250411084731.csv
[2025-04-11T08:52:36.246+0000] {logging_mixin.py:151} INFO - Error checking MinIO: No CSV files found in MinIO bucket.
[2025-04-11T08:52:36.247+0000] {taskinstance.py:1935} ERROR - Task failed with exception
Traceback (most recent call last):
  File "/home/airflow/.local/lib/python3.8/site-packages/airflow/operators/python.py", line 192, in execute
    return_value = self.execute_callable()
  File "/home/airflow/.local/lib/python3.8/site-packages/airflow/operators/python.py", line 209, in execute_callable
    return self.python_callable(*self.op_args, **self.op_kwargs)
  File "/opt/airflow/dags/dags_1.py", line 28, in check_minio_file
    raise Exception("No CSV files found in MinIO bucket.")
Exception: No CSV files found in MinIO bucket.
[2025-04-11T08:52:36.265+0000] {taskinstance.py:1398} INFO - Marking task as FAILED. dag_id=generate_and_verify_data, task_id=check_minio, execution_date=20250411T084727, start_date=20250411T085235, end_date=20250411T085236
[2025-04-11T08:52:36.286+0000] {standard_task_runner.py:104} ERROR - Failed to execute job 1829 for task check_minio (No CSV files found in MinIO bucket.; 9574)
[2025-04-11T08:52:36.310+0000] {local_task_job_runner.py:228} INFO - Task exited with return code 1
[2025-04-11T08:52:36.344+0000] {taskinstance.py:2776} INFO - 0 downstream tasks scheduled from follow-on schedule check
